# JRE version: Java(TM) SE Runtime Environment (8.0_144-b01) (build 1.8.0_144-b01)
# Java VM: Java HotSpot(TM) 64-Bit Server VM (25.144-b01 mixed mode windows-amd64 compressed oops)
Heap:
 PSYoungGen      total 211968K, used 159726K [0x00000000e0000000, 0x00000000ee200000, 0x0000000100000000)
  eden space 195072K, 81% used [0x00000000e0000000,0x00000000e9beba70,0x00000000ebe80000)
  from space 16896K, 0% used [0x00000000ecf80000,0x00000000ecf90000,0x00000000ee000000)
  to   space 17408K, 0% used [0x00000000ebe80000,0x00000000ebe80000,0x00000000ecf80000)
 ParOldGen       total 83968K, used 46336K [0x00000000a0000000, 0x00000000a5200000, 0x00000000e0000000)
  object space 83968K, 55% used [0x00000000a0000000,0x00000000a2d401b8,0x00000000a5200000)
 Metaspace       used 65479K, capacity 67524K, committed 67672K, reserved 1107968K
  class space    used 8566K, capacity 8945K, committed 9048K, reserved 1048576K
GC Heap History (10 events):
Event: 210.639 GC heap before
{Heap before GC invocations=22 (full 3):
 PSYoungGen      total 132096K, used 7777K [0x00000000e0000000, 0x00000000eb100000, 0x0000000100000000)
  eden space 120320K, 0% used [0x00000000e0000000,0x00000000e0000000,0x00000000e7580000)
  from space 11776K, 66% used [0x00000000e7580000,0x00000000e7d18400,0x00000000e8100000)
  to   space 11776K, 0% used [0x00000000ea580000,0x00000000ea580000,0x00000000eb100000)
 ParOldGen       total 37888K, used 34416K [0x00000000a0000000, 0x00000000a2500000, 0x00000000e0000000)
  object space 37888K, 90% used [0x00000000a0000000,0x00000000a219c128,0x00000000a2500000)
 Metaspace       used 57156K, capacity 58876K, committed 59028K, reserved 1099776K
  class space    used 7734K, capacity 8095K, committed 8152K, reserved 1048576K
Event: 211.094 GC heap after
Heap after GC invocations=22 (full 3):
 PSYoungGen      total 132096K, used 0K [0x00000000e0000000, 0x00000000eb100000, 0x0000000100000000)
  eden space 120320K, 0% used [0x00000000e0000000,0x00000000e0000000,0x00000000e7580000)
  from space 11776K, 0% used [0x00000000e7580000,0x00000000e7580000,0x00000000e8100000)
  to   space 11776K, 0% used [0x00000000ea580000,0x00000000ea580000,0x00000000eb100000)
 ParOldGen       total 59904K, used 33222K [0x00000000a0000000, 0x00000000a3a80000, 0x00000000e0000000)
  object space 59904K, 55% used [0x00000000a0000000,0x00000000a2071ac0,0x00000000a3a80000)
 Metaspace       used 57154K, capacity 58870K, committed 59028K, reserved 1099776K
  class space    used 7733K, capacity 8094K, committed 8152K, reserved 1048576K
}
Event: 224.448 GC heap before
{Heap before GC invocations=23 (full 3):
 PSYoungGen      total 132096K, used 120320K [0x00000000e0000000, 0x00000000eb100000, 0x0000000100000000)
  eden space 120320K, 100% used [0x00000000e0000000,0x00000000e7580000,0x00000000e7580000)
  from space 11776K, 0% used [0x00000000e7580000,0x00000000e7580000,0x00000000e8100000)
  to   space 11776K, 0% used [0x00000000ea580000,0x00000000ea580000,0x00000000eb100000)
 ParOldGen       total 59904K, used 33222K [0x00000000a0000000, 0x00000000a3a80000, 0x00000000e0000000)
  object space 59904K, 55% used [0x00000000a0000000,0x00000000a2071ac0,0x00000000a3a80000)
 Metaspace       used 62403K, capacity 64084K, committed 64088K, reserved 1105920K
  class space    used 8192K, capacity 8533K, committed 8536K, reserved 1048576K
Event: 224.486 GC heap after
Heap after GC invocations=23 (full 3):
 PSYoungGen      total 163328K, used 11769K [0x00000000e0000000, 0x00000000ebb00000, 0x0000000100000000)
  eden space 151552K, 0% used [0x00000000e0000000,0x00000000e0000000,0x00000000e9400000)
  from space 11776K, 99% used [0x00000000ea580000,0x00000000eb0fe420,0x00000000eb100000)
  to   space 17920K, 0% used [0x00000000e9400000,0x00000000e9400000,0x00000000ea580000)
 ParOldGen       total 59904K, used 45316K [0x00000000a0000000, 0x00000000a3a80000, 0x00000000e0000000)
  object space 59904K, 75% used [0x00000000a0000000,0x00000000a2c413c8,0x00000000a3a80000)
 Metaspace       used 62403K, capacity 64084K, committed 64088K, reserved 1105920K
  class space    used 8192K, capacity 8533K, committed 8536K, reserved 1048576K
}
Event: 228.824 GC heap before
{Heap before GC invocations=24 (full 3):
 PSYoungGen      total 163328K, used 163063K [0x00000000e0000000, 0x00000000ebb00000, 0x0000000100000000)
  eden space 151552K, 99% used [0x00000000e0000000,0x00000000e93bfba8,0x00000000e9400000)
  from space 11776K, 99% used [0x00000000ea580000,0x00000000eb0fe420,0x00000000eb100000)
  to   space 17920K, 0% used [0x00000000e9400000,0x00000000e9400000,0x00000000ea580000)
 ParOldGen       total 59904K, used 45316K [0x00000000a0000000, 0x00000000a3a80000, 0x00000000e0000000)
  object space 59904K, 75% used [0x00000000a0000000,0x00000000a2c413c8,0x00000000a3a80000)
 Metaspace       used 64824K, capacity 66742K, committed 67032K, reserved 1107968K
  class space    used 8528K, capacity 8918K, committed 8920K, reserved 1048576K
Event: 228.858 GC heap after
Heap after GC invocations=24 (full 3):
 PSYoungGen      total 169472K, used 7502K [0x00000000e0000000, 0x00000000ee000000, 0x0000000100000000)
  eden space 151552K, 0% used [0x00000000e0000000,0x00000000e0000000,0x00000000e9400000)
  from space 17920K, 41% used [0x00000000e9400000,0x00000000e9b53a40,0x00000000ea580000)
  to   space 16896K, 0% used [0x00000000ecf80000,0x00000000ecf80000,0x00000000ee000000)
 ParOldGen       total 59904K, used 57017K [0x00000000a0000000, 0x00000000a3a80000, 0x00000000e0000000)
  object space 59904K, 95% used [0x00000000a0000000,0x00000000a37ae438,0x00000000a3a80000)
 Metaspace       used 64824K, capacity 66742K, committed 67032K, reserved 1107968K
  class space    used 8528K, capacity 8918K, committed 8920K, reserved 1048576K
}
Event: 228.858 GC heap before
{Heap before GC invocations=25 (full 4):
 PSYoungGen      total 169472K, used 7502K [0x00000000e0000000, 0x00000000ee000000, 0x0000000100000000)
  eden space 151552K, 0% used [0x00000000e0000000,0x00000000e0000000,0x00000000e9400000)
  from space 17920K, 41% used [0x00000000e9400000,0x00000000e9b53a40,0x00000000ea580000)
  to   space 16896K, 0% used [0x00000000ecf80000,0x00000000ecf80000,0x00000000ee000000)
 ParOldGen       total 59904K, used 57017K [0x00000000a0000000, 0x00000000a3a80000, 0x00000000e0000000)
  object space 59904K, 95% used [0x00000000a0000000,0x00000000a37ae438,0x00000000a3a80000)
 Metaspace       used 64824K, capacity 66742K, committed 67032K, reserved 1107968K
  class space    used 8528K, capacity 8918K, committed 8920K, reserved 1048576K
Event: 229.091 GC heap after
Heap after GC invocations=25 (full 4):
 PSYoungGen      total 169472K, used 0K [0x00000000e0000000, 0x00000000ee000000, 0x0000000100000000)
  eden space 151552K, 0% used [0x00000000e0000000,0x00000000e0000000,0x00000000e9400000)
  from space 17920K, 0% used [0x00000000e9400000,0x00000000e9400000,0x00000000ea580000)
  to   space 16896K, 0% used [0x00000000ecf80000,0x00000000ecf80000,0x00000000ee000000)
 ParOldGen       total 83968K, used 46328K [0x00000000a0000000, 0x00000000a5200000, 0x00000000e0000000)
  object space 83968K, 55% used [0x00000000a0000000,0x00000000a2d3e1b8,0x00000000a5200000)
 Metaspace       used 64822K, capacity 66736K, committed 67032K, reserved 1107968K
  class space    used 8527K, capacity 8917K, committed 8920K, reserved 1048576K
}
Event: 229.134 GC heap before
{Heap before GC invocations=26 (full 4):
 PSYoungGen      total 169472K, used 151166K [0x00000000e0000000, 0x00000000ee000000, 0x0000000100000000)
  eden space 151552K, 99% used [0x00000000e0000000,0x00000000e939fa70,0x00000000e9400000)
  from space 17920K, 0% used [0x00000000e9400000,0x00000000e9400000,0x00000000ea580000)
  to   space 16896K, 0% used [0x00000000ecf80000,0x00000000ecf80000,0x00000000ee000000)
 ParOldGen       total 83968K, used 46328K [0x00000000a0000000, 0x00000000a5200000, 0x00000000e0000000)
  object space 83968K, 55% used [0x00000000a0000000,0x00000000a2d3e1b8,0x00000000a5200000)
 Metaspace       used 64824K, capacity 66736K, committed 67032K, reserved 1107968K
  class space    used 8527K, capacity 8917K, committed 8920K, reserved 1048576K
Event: 229.145 GC heap after
Heap after GC invocations=26 (full 4):
 PSYoungGen      total 211968K, used 64K [0x00000000e0000000, 0x00000000ee200000, 0x0000000100000000)
  eden space 195072K, 0% used [0x00000000e0000000,0x00000000e0000000,0x00000000ebe80000)
  from space 16896K, 0% used [0x00000000ecf80000,0x00000000ecf90000,0x00000000ee000000)
  to   space 17408K, 0% used [0x00000000ebe80000,0x00000000ebe80000,0x00000000ecf80000)
 ParOldGen       total 83968K, used 46336K [0x00000000a0000000, 0x00000000a5200000, 0x00000000e0000000)
  object space 83968K, 55% used [0x00000000a0000000,0x00000000a2d401b8,0x00000000a5200000)
 Metaspace       used 64824K, capacity 66736K, committed 67032K, reserved 1107968K
  class space    used 8527K, capacity 8917K, committed 8920K, reserved 1048576K
}

